This file contains any messages produced by compilers while
running configure, to aid debugging if configure makes a mistake.

configure:558: checking for a BSD compatible install
configure:611: checking whether build environment is sane
configure:668: checking whether make sets ${MAKE}
configure:714: checking for working aclocal
configure:727: checking for working autoconf
configure:740: checking for working automake
configure:753: checking for working autoheader
configure:766: checking for working makeinfo
configure:786: checking for gcc
configure:899: checking whether the C compiler (gcc  ) works
configure:915: gcc -o conftest    conftest.c  1>&5
configure:941: checking whether the C compiler (gcc  ) is a cross-compiler
configure:946: checking whether we are using GNU C
configure:974: checking whether gcc accepts -g
configure:1017: checking for a BSD compatible install
configure:1070: checking whether make sets ${MAKE}
configure:1098: checking for main in -lncurses
configure:1142: checking how to run the C preprocessor
configure:1222: checking for ANSI C header files
configure:1329: checking for fcntl.h
configure:1329: checking for sys/ioctl.h
configure:1329: checking for unistd.h
configure:1329: checking for termios.h
configure:1329: checking for termio.h
configure:1368: checking return type of signal handlers
configure:1411: checking for putenv
configure:1469: checking for curses.h
configure:1469: checking for ncurses.h
configure:1508: checking for tgetent in -lncurses
configure:1551: checking for tgetent in -lcurses
configure:1595: checking for tgetent in -ltermcap
configure:1647: checking for use_default_colors in -ltermcap
configure:1690: checking for resizeterm in -ltermcap
configure:1733: checking for wresize in -ltermcap
configure:1784: checking for consolechars
configure:1820: checking for setfont
configure:1885: checking for /usr/lib/kbd/consolefonts
configure:1885: checking for /usr/share/consolefonts
configure:1933: checking for mkfontdir
configure:1971: checking for /usr/lib/X11/fonts/misc
configure:1971: checking for /usr/X11R6/lib/X11/fonts/misc
